Using pre-set license
Built from '2021.1/staging' branch; Version is '2021.1.3f1 (4bef613afd59) revision 4976481'; Using compiler version '192528614'; Build Type 'Release'
OS: 'Windows 10 Pro; OS build 19042.1052; Version 2009; 64bit' Language: 'en' Physical Memory: 16221 MB
BatchMode: 1, IsHumanControllingUs: 0, StartBugReporterOnCrash: 0, Is64bit: 1, IsPro: 0

 COMMAND LINE ARGUMENTS:
C:\Program Files\Unity\2021.1.3f1\Editor\Unity.exe
-adb2
-batchMode
-noUpm
-name
AssetImportWorker0
-projectPath
D:/ProjeDosyalari/UnityProjects/DemoRunOfLife
-logFile
Logs/AssetImportWorker0.log
-srvPort
59796
Successfully changed project path to: D:/ProjeDosyalari/UnityProjects/DemoRunOfLife
D:/ProjeDosyalari/UnityProjects/DemoRunOfLife
Using Asset Import Pipeline V2.
Refreshing native plugins compatible for Editor in 63.92 ms, found 1 plugins.
Preloading 0 native plugins for Editor in 0.00 ms.
Initialize engine version: 2021.1.3f1 (4bef613afd59)
[Subsystems] Discovering subsystems at path C:/Program Files/Unity/2021.1.3f1/Editor/Data/Resources/UnitySubsystems
[Subsystems] Discovering subsystems at path D:/ProjeDosyalari/UnityProjects/DemoRunOfLife/Assets
GfxDevice: creating device client; threaded=0; jobified=0
Direct3D:
    Version:  Direct3D 11.0 [level 11.1]
    Renderer: NVIDIA GeForce GTX 1650 Ti (ID=0x1f95)
    Vendor:   NVIDIA
    VRAM:     3962 MB
    Driver:   27.21.14.6156
Initialize mono
Mono path[0] = 'C:/Program Files/Unity/2021.1.3f1/Editor/Data/Managed'
Mono path[1] = 'C:/Program Files/Unity/2021.1.3f1/Editor/Data/MonoBleedingEdge/lib/mono/unityjit'
Mono config path = 'C:/Program Files/Unity/2021.1.3f1/Editor/Data/MonoBleedingEdge/etc'
Using monoOptions --debugger-agent=transport=dt_socket,embedding=1,server=y,suspend=n,address=127.0.0.1:56772
Begin MonoManager ReloadAssembly
Registering precompiled unity dll's ...
Register platform support module: C:/Program Files/Unity/2021.1.3f1/Editor/Data/PlaybackEngines/WebGLSupport/UnityEditor.WebGL.Extensions.dll
Register platform support module: C:/Program Files/Unity/2021.1.3f1/Editor/Data/PlaybackEngines/WindowsStandaloneSupport/UnityEditor.WindowsStandalone.Extensions.dll
Registered in 0.002042 seconds.
Native extension for WindowsStandalone target not found
Native extension for WebGL target not found
Refreshing native plugins compatible for Editor in 68.31 ms, found 1 plugins.
Preloading 0 native plugins for Editor in 0.00 ms.
Mono: successfully reloaded assembly
- Completed reload, in  1.091 seconds
Platform modules already initialized, skipping
Registering precompiled user dll's ...
Registered in 0.002245 seconds.
Begin MonoManager ReloadAssembly
Native extension for WindowsStandalone target not found
Native extension for WebGL target not found
Refreshing native plugins compatible for Editor in 0.43 ms, found 1 plugins.
Preloading 0 native plugins for Editor in 0.00 ms.
Mono: successfully reloaded assembly
- Completed reload, in  1.397 seconds
Platform modules already initialized, skipping
========================================================================
Worker process is ready to serve import requests
Launched and connected shader compiler UnityShaderCompiler.exe after 0.04 seconds
Refreshing native plugins compatible for Editor in 0.47 ms, found 1 plugins.
Preloading 0 native plugins for Editor in 0.00 ms.
Unloading 2665 Unused Serialized files (Serialized files now loaded: 0)
System memory in use before: 98.2 MB.
System memory in use after: 98.4 MB.

Unloading 15 unused Assets to reduce memory usage. Loaded Objects now: 3117.
Total: 2.527300 ms (FindLiveObjects: 0.358300 ms CreateObjectMapping: 0.134200 ms MarkObjects: 1.976800 ms  DeleteObjects: 0.057100 ms)

========================================================================
Received Import Request.
  path: Assets/phaser_assets/particles.png
  artifactKey: Guid(4d7521b9644716b42a1ef11ba7602e5b) Importer(815301076,1909f56bfc062723c751e8b465ee728b)
Start importing Assets/phaser_assets/particles.png using Guid(4d7521b9644716b42a1ef11ba7602e5b) Importer(815301076,1909f56bfc062723c751e8b465ee728b)  -> (artifact id: 'b42237591ce679bda49c1eac99cc9108') in 0.079820 seconds 
========================================================================
Received Import Request.
  Time since last request: 0.000154 seconds.
  path: Assets/phaser_assets
  artifactKey: Guid(66e53151bfeb9ca459b2d2b55ba97f0a) Importer(815301076,1909f56bfc062723c751e8b465ee728b)
Start importing Assets/phaser_assets using Guid(66e53151bfeb9ca459b2d2b55ba97f0a) Importer(815301076,1909f56bfc062723c751e8b465ee728b)  -> (artifact id: 'd4be83873e82bfacbbe4db997b6cf4fe') in 0.000821 seconds 
========================================================================
Received Import Request.
  Time since last request: 57.870370 seconds.
  path: Assets/assets/models/level/FBX
  artifactKey: Guid(6a38dc8ca4f7abb489bd5188a8fc3fd5) Importer(815301076,1909f56bfc062723c751e8b465ee728b)
Start importing Assets/assets/models/level/FBX using Guid(6a38dc8ca4f7abb489bd5188a8fc3fd5) Importer(815301076,1909f56bfc062723c751e8b465ee728b)  -> (artifact id: 'c16ee0702621a04e6061ea32933d7073') in 0.002132 seconds 
========================================================================
Received Import Request.
  Time since last request: 2.370841 seconds.
  path: Assets/assets/models/level/FBX/level.fbx
  artifactKey: Guid(f9bea96bad54d414ba7f2df3f4021edb) Importer(815301076,1909f56bfc062723c751e8b465ee728b)
Start importing Assets/assets/models/level/FBX/level.fbx using Guid(f9bea96bad54d414ba7f2df3f4021edb) Importer(815301076,1909f56bfc062723c751e8b465ee728b)  -> (artifact id: 'c394a866b34eb7be784a5fd9135ffd6f') in 3.335072 seconds 
========================================================================
Received Import Request.
  Time since last request: 4.842926 seconds.
  path: Assets/assets/models/level/FBX/level.fbx
  artifactKey: Guid(f9bea96bad54d414ba7f2df3f4021edb) Importer(815301076,1909f56bfc062723c751e8b465ee728b)
Start importing Assets/assets/models/level/FBX/level.fbx using Guid(f9bea96bad54d414ba7f2df3f4021edb) Importer(815301076,1909f56bfc062723c751e8b465ee728b)  -> (artifact id: '874371f041055cb7ea9571c2ba552aed') in 2.655089 seconds 
========================================================================
Received Import Request.
  Time since last request: 5.572110 seconds.
  path: Assets/assets/models/level/FBX/level.fbx
  artifactKey: Guid(f9bea96bad54d414ba7f2df3f4021edb) Importer(815301076,1909f56bfc062723c751e8b465ee728b)
Start importing Assets/assets/models/level/FBX/level.fbx using Guid(f9bea96bad54d414ba7f2df3f4021edb) Importer(815301076,1909f56bfc062723c751e8b465ee728b)  -> (artifact id: '9335d7398969ab39ef8f7a1f24a174e8') in 2.212748 seconds 
========================================================================
Received Import Request.
  Time since last request: 4.097637 seconds.
  path: Assets/assets/models/level/FBX/onepointfour.png
  artifactKey: Guid(df376ae2c75ab76438369182fdf08d41) Importer(815301076,1909f56bfc062723c751e8b465ee728b)
Start importing Assets/assets/models/level/FBX/onepointfour.png using Guid(df376ae2c75ab76438369182fdf08d41) Importer(815301076,1909f56bfc062723c751e8b465ee728b)  -> (artifact id: '9b020bbf142fa86ac972aebe1dedebc8') in 0.013934 seconds 
========================================================================
Received Import Request.
  Time since last request: 3.680146 seconds.
  path: Assets/assets/models/level/FBX/onepointeight.png
  artifactKey: Guid(cc148ff0a86f1064dbf5698d065aa491) Importer(815301076,1909f56bfc062723c751e8b465ee728b)
Start importing Assets/assets/models/level/FBX/onepointeight.png using Guid(cc148ff0a86f1064dbf5698d065aa491) Importer(815301076,1909f56bfc062723c751e8b465ee728b)  -> (artifact id: '5760aea42450072edec07beb676dd82d') in 0.016860 seconds 
========================================================================
Received Import Request.
  Time since last request: 223.345742 seconds.
  path: Assets/assets/models/chars/baby/FBX
  artifactKey: Guid(903e816bcccc47745bf192a87a8fd9df) Importer(815301076,1909f56bfc062723c751e8b465ee728b)
Start importing Assets/assets/models/chars/baby/FBX using Guid(903e816bcccc47745bf192a87a8fd9df) Importer(815301076,1909f56bfc062723c751e8b465ee728b)  -> (artifact id: 'a669739c3be4109da316aaeeee51def1') in 0.004246 seconds 
========================================================================
Received Import Request.
  Time since last request: 0.264950 seconds.
  path: Assets/assets/models/chars/baby/FBX/baby.fbx
  artifactKey: Guid(45ef2ce5d135c2c45bbaaf62b9a4afe6) Importer(815301076,1909f56bfc062723c751e8b465ee728b)
Start importing Assets/assets/models/chars/baby/FBX/baby.fbx using Guid(45ef2ce5d135c2c45bbaaf62b9a4afe6) Importer(815301076,1909f56bfc062723c751e8b465ee728b)  -> (artifact id: 'e951cba9197cd53c5a8e2a9125a389e4') in 0.257068 seconds 
========================================================================
Received Import Request.
  Time since last request: 250.160623 seconds.
  path: Assets/assets/models/chars/baby/FBX/baby.fbx
  artifactKey: Guid(45ef2ce5d135c2c45bbaaf62b9a4afe6) Importer(815301076,1909f56bfc062723c751e8b465ee728b)
Start importing Assets/assets/models/chars/baby/FBX/baby.fbx using Guid(45ef2ce5d135c2c45bbaaf62b9a4afe6) Importer(815301076,1909f56bfc062723c751e8b465ee728b)  -> (artifact id: '9e4a19dd2c7a49d2a312fec8b1de8563') in 0.264694 seconds 
========================================================================
Received Import Request.
  Time since last request: 4.657857 seconds.
  path: Assets/assets/models/chars/baby/FBX/baby.fbx
  artifactKey: Guid(45ef2ce5d135c2c45bbaaf62b9a4afe6) Importer(815301076,1909f56bfc062723c751e8b465ee728b)
Start importing Assets/assets/models/chars/baby/FBX/baby.fbx using Guid(45ef2ce5d135c2c45bbaaf62b9a4afe6) Importer(815301076,1909f56bfc062723c751e8b465ee728b)  -> (artifact id: '2703be95341d4605919202281eb6f0b6') in 0.219973 seconds 
========================================================================
Received Import Request.
  Time since last request: 11.472511 seconds.
  path: Assets/assets/models/chars/baby/FBX/Baby_Textures_Map.png
  artifactKey: Guid(816611ef23a6b5a4bae0d6c6009e17b1) Importer(815301076,1909f56bfc062723c751e8b465ee728b)
Start importing Assets/assets/models/chars/baby/FBX/Baby_Textures_Map.png using Guid(816611ef23a6b5a4bae0d6c6009e17b1) Importer(815301076,1909f56bfc062723c751e8b465ee728b)  -> (artifact id: '509254dd0f80ffa6e36e23384cdbbd58') in 0.018779 seconds 
========================================================================
Received Import Request.
  Time since last request: 29.110029 seconds.
  path: Assets/assets/models/chars/woman/kid/FBX/woman_kid.fbx
  artifactKey: Guid(1082cfcde7db4f6468904480d6108099) Importer(815301076,1909f56bfc062723c751e8b465ee728b)
Start importing Assets/assets/models/chars/woman/kid/FBX/woman_kid.fbx using Guid(1082cfcde7db4f6468904480d6108099) Importer(815301076,1909f56bfc062723c751e8b465ee728b)  -> (artifact id: 'ed1bfc22ab6362b5103683daa64eba17') in 0.384850 seconds 
========================================================================
Received Import Request.
  Time since last request: 6.852363 seconds.
  path: Assets/assets/models/chars/woman/kid/FBX/woman_kid.fbx
  artifactKey: Guid(1082cfcde7db4f6468904480d6108099) Importer(815301076,1909f56bfc062723c751e8b465ee728b)
Start importing Assets/assets/models/chars/woman/kid/FBX/woman_kid.fbx using Guid(1082cfcde7db4f6468904480d6108099) Importer(815301076,1909f56bfc062723c751e8b465ee728b)  -> (artifact id: '9911321a4270e2cf242eefe9e8ee6ee1') in 0.313109 seconds 
========================================================================
Received Import Request.
  Time since last request: 4.996249 seconds.
  path: Assets/assets/models/chars/woman/kid/FBX/woman_kid.fbx
  artifactKey: Guid(1082cfcde7db4f6468904480d6108099) Importer(815301076,1909f56bfc062723c751e8b465ee728b)
Start importing Assets/assets/models/chars/woman/kid/FBX/woman_kid.fbx using Guid(1082cfcde7db4f6468904480d6108099) Importer(815301076,1909f56bfc062723c751e8b465ee728b)  -> (artifact id: '471b60054d4bd74f73975b3021f58390') in 0.310626 seconds 
========================================================================
Received Import Request.
  Time since last request: 4.455827 seconds.
  path: Assets/assets/models/chars/woman/other/FBX/woman_other.fbx
  artifactKey: Guid(0b5bac8d0104cca4796bc437a41d996f) Importer(815301076,1909f56bfc062723c751e8b465ee728b)
Start importing Assets/assets/models/chars/woman/other/FBX/woman_other.fbx using Guid(0b5bac8d0104cca4796bc437a41d996f) Importer(815301076,1909f56bfc062723c751e8b465ee728b)  -> (artifact id: 'ca840370baee58bb052035d0ae865946') in 0.915259 seconds 
========================================================================
Received Import Request.
  Time since last request: 10.519290 seconds.
  path: Assets/assets/models/chars/woman/other/FBX/woman_other.fbx
  artifactKey: Guid(0b5bac8d0104cca4796bc437a41d996f) Importer(815301076,1909f56bfc062723c751e8b465ee728b)
Start importing Assets/assets/models/chars/woman/other/FBX/woman_other.fbx using Guid(0b5bac8d0104cca4796bc437a41d996f) Importer(815301076,1909f56bfc062723c751e8b465ee728b)  -> (artifact id: '8a0175fb47549fb9aa368a70103a9314') in 0.875076 seconds 
========================================================================
Received Import Request.
  Time since last request: 8.807112 seconds.
  path: Assets/assets/models/chars/woman/other/FBX/woman_other.fbx
  artifactKey: Guid(0b5bac8d0104cca4796bc437a41d996f) Importer(815301076,1909f56bfc062723c751e8b465ee728b)
Start importing Assets/assets/models/chars/woman/other/FBX/woman_other.fbx using Guid(0b5bac8d0104cca4796bc437a41d996f) Importer(815301076,1909f56bfc062723c751e8b465ee728b)  -> (artifact id: 'a0a6c3f73546eadf5011f8f12daed28d') in 0.692431 seconds 
========================================================================
Received Import Request.
  Time since last request: 13.498814 seconds.
  path: Assets/assets/models/chars/woman/other/FBX/O_Female_Texture_Map.png
  artifactKey: Guid(dd74a7746fa9051408132034d85b3884) Importer(815301076,1909f56bfc062723c751e8b465ee728b)
Start importing Assets/assets/models/chars/woman/other/FBX/O_Female_Texture_Map.png using Guid(dd74a7746fa9051408132034d85b3884) Importer(815301076,1909f56bfc062723c751e8b465ee728b)  -> (artifact id: '453f93cea00d8cf7d46e8988c66d2c6f') in 0.028276 seconds 
========================================================================
Received Import Request.
  Time since last request: 121.784847 seconds.
  path: Assets/assets/models/chars/woman/other/FBX/woman_other.fbx
  artifactKey: Guid(0b5bac8d0104cca4796bc437a41d996f) Importer(815301076,1909f56bfc062723c751e8b465ee728b)
Start importing Assets/assets/models/chars/woman/other/FBX/woman_other.fbx using Guid(0b5bac8d0104cca4796bc437a41d996f) Importer(815301076,1909f56bfc062723c751e8b465ee728b)  -> (artifact id: '612d0debc9bcc16b68270ba0e4fb2943') in 0.704976 seconds 
========================================================================
Received Import Request.
  Time since last request: 21.955862 seconds.
  path: Assets/assets/models/chars/woman/other/FBX/woman_other.fbx
  artifactKey: Guid(0b5bac8d0104cca4796bc437a41d996f) Importer(815301076,1909f56bfc062723c751e8b465ee728b)
Start importing Assets/assets/models/chars/woman/other/FBX/woman_other.fbx using Guid(0b5bac8d0104cca4796bc437a41d996f) Importer(815301076,1909f56bfc062723c751e8b465ee728b)  -> (artifact id: '07ecf704f02de4b342a5bdbbbaf88930') in 0.706820 seconds 
========================================================================
Received Import Request.
  Time since last request: 15.093465 seconds.
  path: Assets/assets/models/chars/woman/other/FBX/woman_other.fbx
  artifactKey: Guid(0b5bac8d0104cca4796bc437a41d996f) Importer(815301076,1909f56bfc062723c751e8b465ee728b)
Start importing Assets/assets/models/chars/woman/other/FBX/woman_other.fbx using Guid(0b5bac8d0104cca4796bc437a41d996f) Importer(815301076,1909f56bfc062723c751e8b465ee728b)  -> (artifact id: 'bec7dee0aa7970a3a001b12199b521e8') in 0.703182 seconds 
========================================================================
Received Import Request.
  Time since last request: 31.723674 seconds.
  path: Assets/assets/models/chars/woman/other/FBX/woman_other.fbx
  artifactKey: Guid(0b5bac8d0104cca4796bc437a41d996f) Importer(815301076,1909f56bfc062723c751e8b465ee728b)
Start importing Assets/assets/models/chars/woman/other/FBX/woman_other.fbx using Guid(0b5bac8d0104cca4796bc437a41d996f) Importer(815301076,1909f56bfc062723c751e8b465ee728b)  -> (artifact id: 'b8e1bedfc7b4cbddfd081a6fba75710b') in 0.700997 seconds 
========================================================================
Received Import Request.
  Time since last request: 12.648854 seconds.
  path: Assets/assets/models/chars/woman/other/FBX/woman_other.fbx
  artifactKey: Guid(0b5bac8d0104cca4796bc437a41d996f) Importer(815301076,1909f56bfc062723c751e8b465ee728b)
Start importing Assets/assets/models/chars/woman/other/FBX/woman_other.fbx using Guid(0b5bac8d0104cca4796bc437a41d996f) Importer(815301076,1909f56bfc062723c751e8b465ee728b)  -> (artifact id: '1c8b796209a8dc962c070b562d4a31f9') in 0.723915 seconds 
========================================================================
Received Import Request.
  Time since last request: 65.800168 seconds.
  path: Assets/assets/models/chars/man/other/FBX
  artifactKey: Guid(4df0c21c3b6c4d1408ba456c07d3366a) Importer(815301076,1909f56bfc062723c751e8b465ee728b)
Start importing Assets/assets/models/chars/man/other/FBX using Guid(4df0c21c3b6c4d1408ba456c07d3366a) Importer(815301076,1909f56bfc062723c751e8b465ee728b)  -> (artifact id: 'a915e0f68f2bf8f2286ad8365a4e1d4e') in 0.004468 seconds 
========================================================================
Received Import Request.
  Time since last request: 0.636459 seconds.
  path: Assets/assets/models/chars/man/other/FBX/man_other.fbx
  artifactKey: Guid(1bbae74635185104a839460eb418d887) Importer(815301076,1909f56bfc062723c751e8b465ee728b)
Start importing Assets/assets/models/chars/man/other/FBX/man_other.fbx using Guid(1bbae74635185104a839460eb418d887) Importer(815301076,1909f56bfc062723c751e8b465ee728b)  -> (artifact id: '353f532efe7bd658f997ea0b8df560e5') in 0.677910 seconds 
========================================================================
Received Import Request.
  Time since last request: 6.499326 seconds.
  path: Assets/assets/models/chars/man/other/FBX/man_other.fbx
  artifactKey: Guid(1bbae74635185104a839460eb418d887) Importer(815301076,1909f56bfc062723c751e8b465ee728b)
Start importing Assets/assets/models/chars/man/other/FBX/man_other.fbx using Guid(1bbae74635185104a839460eb418d887) Importer(815301076,1909f56bfc062723c751e8b465ee728b)  -> (artifact id: '6c009975b4dca5c3363e7a40b694bebe') in 0.526131 seconds 
========================================================================
Received Import Request.
  Time since last request: 4.217504 seconds.
  path: Assets/assets/models/chars/man/kid/FBX/man_kid.fbx
  artifactKey: Guid(fbf68e58832ff8242ac3e1119183d830) Importer(815301076,1909f56bfc062723c751e8b465ee728b)
Start importing Assets/assets/models/chars/man/kid/FBX/man_kid.fbx using Guid(fbf68e58832ff8242ac3e1119183d830) Importer(815301076,1909f56bfc062723c751e8b465ee728b)  -> (artifact id: 'a366183ac829f372e5caa2058a8a8dd6') in 0.323279 seconds 
========================================================================
Received Import Request.
  Time since last request: 6.104129 seconds.
  path: Assets/assets/models/chars/man/kid/FBX/man_kid.fbx
  artifactKey: Guid(fbf68e58832ff8242ac3e1119183d830) Importer(815301076,1909f56bfc062723c751e8b465ee728b)
Start importing Assets/assets/models/chars/man/kid/FBX/man_kid.fbx using Guid(fbf68e58832ff8242ac3e1119183d830) Importer(815301076,1909f56bfc062723c751e8b465ee728b)  -> (artifact id: '07f8a4556d9072982d84bb561084f671') in 0.296839 seconds 
========================================================================
Received Import Request.
  Time since last request: 4.691921 seconds.
  path: Assets/assets/models/chars/man/kid/FBX/man_kid.fbx
  artifactKey: Guid(fbf68e58832ff8242ac3e1119183d830) Importer(815301076,1909f56bfc062723c751e8b465ee728b)
Start importing Assets/assets/models/chars/man/kid/FBX/man_kid.fbx using Guid(fbf68e58832ff8242ac3e1119183d830) Importer(815301076,1909f56bfc062723c751e8b465ee728b)  -> (artifact id: '52ec96c31f831f4f9c069e359760d0a2') in 0.288476 seconds 
========================================================================
Received Import Request.
  Time since last request: 14.468288 seconds.
  path: Assets/assets/models/chars/baby/FBX/baby.fbx
  artifactKey: Guid(45ef2ce5d135c2c45bbaaf62b9a4afe6) Importer(815301076,1909f56bfc062723c751e8b465ee728b)
Start importing Assets/assets/models/chars/baby/FBX/baby.fbx using Guid(45ef2ce5d135c2c45bbaaf62b9a4afe6) Importer(815301076,1909f56bfc062723c751e8b465ee728b)  -> (artifact id: '9acc679493d89f265e5850072e844179') in 0.206665 seconds 
========================================================================
Received Import Request.
  Time since last request: 6.442616 seconds.
  path: Assets/assets/models/chars/baby/FBX/baby.fbx
  artifactKey: Guid(45ef2ce5d135c2c45bbaaf62b9a4afe6) Importer(815301076,1909f56bfc062723c751e8b465ee728b)
Start importing Assets/assets/models/chars/baby/FBX/baby.fbx using Guid(45ef2ce5d135c2c45bbaaf62b9a4afe6) Importer(815301076,1909f56bfc062723c751e8b465ee728b)  -> (artifact id: 'b8d22ddc805ea47e23b987e32d071731') in 0.220882 seconds 
========================================================================
Received Import Request.
  Time since last request: 378.423801 seconds.
  path: Assets/assets/models/shield/FBX/shield.fbx
  artifactKey: Guid(fba47be36a592c2408c7ca592f0ad1d5) Importer(815301076,1909f56bfc062723c751e8b465ee728b)
Start importing Assets/assets/models/shield/FBX/shield.fbx using Guid(fba47be36a592c2408c7ca592f0ad1d5) Importer(815301076,1909f56bfc062723c751e8b465ee728b)  -> (artifact id: '4c45dc2ab2eeab9162106b1a0c46bd24') in 0.104534 seconds 
========================================================================
Received Import Request.
  Time since last request: 5.207292 seconds.
  path: Assets/assets/models/shield/FBX/shield.fbx
  artifactKey: Guid(fba47be36a592c2408c7ca592f0ad1d5) Importer(815301076,1909f56bfc062723c751e8b465ee728b)
Start importing Assets/assets/models/shield/FBX/shield.fbx using Guid(fba47be36a592c2408c7ca592f0ad1d5) Importer(815301076,1909f56bfc062723c751e8b465ee728b)  -> (artifact id: 'ce0442a2d16e8ab6fd12065c205cba39') in 0.133107 seconds 
========================================================================
Received Import Request.
  Time since last request: 3.311731 seconds.
  path: Assets/assets/models/shield/FBX/shield.fbx
  artifactKey: Guid(fba47be36a592c2408c7ca592f0ad1d5) Importer(815301076,1909f56bfc062723c751e8b465ee728b)
Start importing Assets/assets/models/shield/FBX/shield.fbx using Guid(fba47be36a592c2408c7ca592f0ad1d5) Importer(815301076,1909f56bfc062723c751e8b465ee728b)  -> (artifact id: 'af2b1107e1fffca4646bf862fa743298') in 0.089451 seconds 
========================================================================
Received Import Request.
  Time since last request: 26.868723 seconds.
  path: Assets/assets/models/wheel/FBX
  artifactKey: Guid(343b757d528090948a9bafe13c10b9ef) Importer(815301076,1909f56bfc062723c751e8b465ee728b)
Start importing Assets/assets/models/wheel/FBX using Guid(343b757d528090948a9bafe13c10b9ef) Importer(815301076,1909f56bfc062723c751e8b465ee728b)  -> (artifact id: '6db8d657fb1bb35bb7f7e39a99f79c9d') in 0.001603 seconds 
========================================================================
Received Import Request.
  Time since last request: 0.626438 seconds.
  path: Assets/assets/models/wheel/FBX/wheel.fbx
  artifactKey: Guid(27d7acd8db933b14db4c4b58eb741e3d) Importer(815301076,1909f56bfc062723c751e8b465ee728b)
Start importing Assets/assets/models/wheel/FBX/wheel.fbx using Guid(27d7acd8db933b14db4c4b58eb741e3d) Importer(815301076,1909f56bfc062723c751e8b465ee728b)  -> (artifact id: '7965421a1a0b54690420a1b4dc5f2504') in 0.487963 seconds 
========================================================================
Received Import Request.
  Time since last request: 3.499842 seconds.
  path: Assets/assets/models/wheel/FBX/wheel.fbx
  artifactKey: Guid(27d7acd8db933b14db4c4b58eb741e3d) Importer(815301076,1909f56bfc062723c751e8b465ee728b)
Start importing Assets/assets/models/wheel/FBX/wheel.fbx using Guid(27d7acd8db933b14db4c4b58eb741e3d) Importer(815301076,1909f56bfc062723c751e8b465ee728b)  -> (artifact id: 'f6162978fdaaa1bc9eb367331ad19900') in 0.528748 seconds 
========================================================================
Received Import Request.
  Time since last request: 5.365501 seconds.
  path: Assets/assets/models/wheel/FBX/wheel.fbx
  artifactKey: Guid(27d7acd8db933b14db4c4b58eb741e3d) Importer(815301076,1909f56bfc062723c751e8b465ee728b)
Start importing Assets/assets/models/wheel/FBX/wheel.fbx using Guid(27d7acd8db933b14db4c4b58eb741e3d) Importer(815301076,1909f56bfc062723c751e8b465ee728b)  -> (artifact id: 'cbbd065abbe157c55f4971cf1832617b') in 0.737953 seconds 
========================================================================
Received Import Request.
  Time since last request: 100.454372 seconds.
  path: Assets/assets/models/arrow/FBX/arrow.fbx
  artifactKey: Guid(351f9c0dca9fed34f8b3ed402d369757) Importer(815301076,1909f56bfc062723c751e8b465ee728b)
Start importing Assets/assets/models/arrow/FBX/arrow.fbx using Guid(351f9c0dca9fed34f8b3ed402d369757) Importer(815301076,1909f56bfc062723c751e8b465ee728b)  -> (artifact id: 'b37926dae2e5768b58e16d4f11d565b9') in 0.056106 seconds 
========================================================================
Received Import Request.
  Time since last request: 7.284056 seconds.
  path: Assets/assets/models/arrow/FBX/arrow.fbx
  artifactKey: Guid(351f9c0dca9fed34f8b3ed402d369757) Importer(815301076,1909f56bfc062723c751e8b465ee728b)
Start importing Assets/assets/models/arrow/FBX/arrow.fbx using Guid(351f9c0dca9fed34f8b3ed402d369757) Importer(815301076,1909f56bfc062723c751e8b465ee728b)  -> (artifact id: 'e6e8dffb9f629b46095f9181d28aafd2') in 0.036199 seconds 
========================================================================
Received Import Request.
  Time since last request: 69.256286 seconds.
  path: Assets/phaser_assets/atlas.json
  artifactKey: Guid(f90b339ecca58534f9aaaa1fdd18f794) Importer(815301076,1909f56bfc062723c751e8b465ee728b)
Start importing Assets/phaser_assets/atlas.json using Guid(f90b339ecca58534f9aaaa1fdd18f794) Importer(815301076,1909f56bfc062723c751e8b465ee728b)  -> (artifact id: 'af07d87dc09a40fd4801600129ff3059') in 0.013710 seconds 
========================================================================
Received Import Request.
  Time since last request: 44.175257 seconds.
  path: Assets/phaser_assets/atlas.png
  artifactKey: Guid(f924066613458864bb2f4fd8cb498a33) Importer(815301076,1909f56bfc062723c751e8b465ee728b)
Start importing Assets/phaser_assets/atlas.png using Guid(f924066613458864bb2f4fd8cb498a33) Importer(815301076,1909f56bfc062723c751e8b465ee728b)  -> (artifact id: '05e2fd367ff142eb0229e2846dfba4b6') in 0.036305 seconds 
========================================================================
Received Prepare
Registering precompiled user dll's ...
Registered in 0.004520 seconds.
Begin MonoManager ReloadAssembly
Native extension for WindowsStandalone target not found
Native extension for WebGL target not found
Refreshing native plugins compatible for Editor in 2.61 ms, found 1 plugins.
Preloading 0 native plugins for Editor in 0.00 ms.
Mono: successfully reloaded assembly
- Completed reload, in  2.784 seconds
Platform modules already initialized, skipping
Refreshing native plugins compatible for Editor in 4.57 ms, found 1 plugins.
Preloading 0 native plugins for Editor in 0.00 ms.
Unloading 2701 Unused Serialized files (Serialized files now loaded: 0)
System memory in use before: 125.2 MB.
System memory in use after: 125.4 MB.

Unloading 10 unused Assets to reduce memory usage. Loaded Objects now: 3291.
Total: 8.094300 ms (FindLiveObjects: 0.765200 ms CreateObjectMapping: 0.459000 ms MarkObjects: 6.804200 ms  DeleteObjects: 0.062700 ms)

========================================================================
Received Import Request.
  Time since last request: 76.575599 seconds.
  path: Assets/assets/models/cloud/FBX
  artifactKey: Guid(b6a370ce5af55bf46bf0f5f506202d87) Importer(815301076,1909f56bfc062723c751e8b465ee728b)
Start importing Assets/assets/models/cloud/FBX using Guid(b6a370ce5af55bf46bf0f5f506202d87) Importer(815301076,1909f56bfc062723c751e8b465ee728b)  -> (artifact id: '7e12e14f66a2a3690c8646dd04c505df') in 0.019124 seconds 
========================================================================
Received Import Request.
  Time since last request: 0.639493 seconds.
  path: Assets/assets/models/cloud/FBX/cloud.fbx
  artifactKey: Guid(a1fdf18b0f2433c41960bc559c3f69df) Importer(815301076,1909f56bfc062723c751e8b465ee728b)
Start importing Assets/assets/models/cloud/FBX/cloud.fbx using Guid(a1fdf18b0f2433c41960bc559c3f69df) Importer(815301076,1909f56bfc062723c751e8b465ee728b)  -> (artifact id: '72cdd4927c85fce7e16be7860e6b746c') in 0.211240 seconds 
========================================================================
Received Import Request.
  Time since last request: 3.103368 seconds.
  path: Assets/assets/models/cloud/FBX/cloud.fbx
  artifactKey: Guid(a1fdf18b0f2433c41960bc559c3f69df) Importer(815301076,1909f56bfc062723c751e8b465ee728b)
Start importing Assets/assets/models/cloud/FBX/cloud.fbx using Guid(a1fdf18b0f2433c41960bc559c3f69df) Importer(815301076,1909f56bfc062723c751e8b465ee728b)  -> (artifact id: '4ed2e88342608cfeb709fed1b76466f0') in 0.037846 seconds 
========================================================================
Received Import Request.
  Time since last request: 168.448894 seconds.
  path: Assets/phaser_assets/atlas
  artifactKey: Guid(2af33d0895f9d834b91a8a0136e08fbf) Importer(815301076,1909f56bfc062723c751e8b465ee728b)
Start importing Assets/phaser_assets/atlas using Guid(2af33d0895f9d834b91a8a0136e08fbf) Importer(815301076,1909f56bfc062723c751e8b465ee728b)  -> (artifact id: 'ce7350a8ca2ee8ed7843142eef13d764') in 0.002058 seconds 
========================================================================
Received Import Request.
  Time since last request: 3.107301 seconds.
  path: Assets/phaser_assets/atlas/bar_fill.png
  artifactKey: Guid(2d31375bd01c54e42b91e4325ff24298) Importer(815301076,1909f56bfc062723c751e8b465ee728b)
Start importing Assets/phaser_assets/atlas/bar_fill.png using Guid(2d31375bd01c54e42b91e4325ff24298) Importer(815301076,1909f56bfc062723c751e8b465ee728b)  -> (artifact id: '53e20d5abdd88a2410d6bad17b967ab9') in 0.035092 seconds 
========================================================================
Received Import Request.
  Time since last request: 0.569150 seconds.
  path: Assets/phaser_assets/atlas/arrow.png
  artifactKey: Guid(a64f5efd5f9f54048835844236ad8e4b) Importer(815301076,1909f56bfc062723c751e8b465ee728b)
Start importing Assets/phaser_assets/atlas/arrow.png using Guid(a64f5efd5f9f54048835844236ad8e4b) Importer(815301076,1909f56bfc062723c751e8b465ee728b)  -> (artifact id: '0974ccd0205e984989b6d1dc91aeb658') in 0.015664 seconds 
========================================================================
Received Import Request.
  Time since last request: 1.649868 seconds.
  path: Assets/phaser_assets/atlas/bb_bg.png
  artifactKey: Guid(06b1c98cc1d24204f911384aea2bcfc0) Importer(815301076,1909f56bfc062723c751e8b465ee728b)
Start importing Assets/phaser_assets/atlas/bb_bg.png using Guid(06b1c98cc1d24204f911384aea2bcfc0) Importer(815301076,1909f56bfc062723c751e8b465ee728b)  -> (artifact id: '156fbdc8831f2b26bc6ae561a22bbf61') in 0.015875 seconds 
========================================================================
Received Import Request.
  Time since last request: 3.970323 seconds.
  path: Assets/phaser_assets/atlas/bb_bg.png
  artifactKey: Guid(06b1c98cc1d24204f911384aea2bcfc0) Importer(815301076,1909f56bfc062723c751e8b465ee728b)
Start importing Assets/phaser_assets/atlas/bb_bg.png using Guid(06b1c98cc1d24204f911384aea2bcfc0) Importer(815301076,1909f56bfc062723c751e8b465ee728b)  -> (artifact id: 'fa38f4e8620f55c94f20f73d8c8793e0') in 0.050710 seconds 
========================================================================
Received Import Request.
  Time since last request: 1.396174 seconds.
  path: Assets/phaser_assets/atlas/btn.png
  artifactKey: Guid(ed07891f0d5b71040ba06dd8abe3a409) Importer(815301076,1909f56bfc062723c751e8b465ee728b)
Start importing Assets/phaser_assets/atlas/btn.png using Guid(ed07891f0d5b71040ba06dd8abe3a409) Importer(815301076,1909f56bfc062723c751e8b465ee728b)  -> (artifact id: 'a5e6d334d8b0ed108ced1203aa01d670') in 0.018459 seconds 
========================================================================
Received Import Request.
  Time since last request: 0.985054 seconds.
  path: Assets/phaser_assets/atlas/circle.png
  artifactKey: Guid(8623093ceb8c3704b8c6426468a5bfda) Importer(815301076,1909f56bfc062723c751e8b465ee728b)
Start importing Assets/phaser_assets/atlas/circle.png using Guid(8623093ceb8c3704b8c6426468a5bfda) Importer(815301076,1909f56bfc062723c751e8b465ee728b)  -> (artifact id: '4b100d695badaad863f8999b22a3d740') in 0.019216 seconds 
========================================================================
Received Import Request.
  Time since last request: 0.456693 seconds.
  path: Assets/phaser_assets/atlas/finish.png
  artifactKey: Guid(5208f3efca670a44c839bf751dfdb9c2) Importer(815301076,1909f56bfc062723c751e8b465ee728b)
Start importing Assets/phaser_assets/atlas/finish.png using Guid(5208f3efca670a44c839bf751dfdb9c2) Importer(815301076,1909f56bfc062723c751e8b465ee728b)  -> (artifact id: 'dedc59aa874f7de4c983ebd66587ac68') in 0.019436 seconds 
========================================================================
Received Import Request.
  Time since last request: 31.273134 seconds.
  path: Assets/assets/music.m4a
  artifactKey: Guid(ce36b1a17554c5340979db0a026e7650) Importer(815301076,1909f56bfc062723c751e8b465ee728b)
Start importing Assets/assets/music.m4a using Guid(ce36b1a17554c5340979db0a026e7650) Importer(815301076,1909f56bfc062723c751e8b465ee728b)  -> (artifact id: '5e131f2d9f799737fb054c0c8b7bd0f8') in 0.040747 seconds 
========================================================================
Received Import Request.
  Time since last request: 2.058591 seconds.
  path: Assets/assets/sfx.m4a
  artifactKey: Guid(e110d90ed355bc34f8fd38e0ade795fe) Importer(815301076,1909f56bfc062723c751e8b465ee728b)
Start importing Assets/assets/sfx.m4a using Guid(e110d90ed355bc34f8fd38e0ade795fe) Importer(815301076,1909f56bfc062723c751e8b465ee728b)  -> (artifact id: '4c8d8ea4194defc7b43bd3c7cb68acaf') in 0.001999 seconds 
========================================================================
Received Import Request.
  Time since last request: 48.523984 seconds.
  path: Assets/assets/music.mp3
  artifactKey: Guid(51a5dc15471904045a556a9eae4b1bc4) Importer(815301076,1909f56bfc062723c751e8b465ee728b)
Start importing Assets/assets/music.mp3 using Guid(51a5dc15471904045a556a9eae4b1bc4) Importer(815301076,1909f56bfc062723c751e8b465ee728b)  -> (artifact id: '1c441c87050c498bc7723fd494aba02d') in 0.021185 seconds 
========================================================================
Received Import Request.
  Time since last request: 56.170610 seconds.
  path: Assets/assets/sfx.mp3
  artifactKey: Guid(79d5b13f55b94b245874cfc014b4871e) Importer(815301076,1909f56bfc062723c751e8b465ee728b)
Start importing Assets/assets/sfx.mp3 using Guid(79d5b13f55b94b245874cfc014b4871e) Importer(815301076,1909f56bfc062723c751e8b465ee728b)  -> (artifact id: '0ed80fcfec51ebf8b8c5b2a7558c1ecf') in 0.008370 seconds 
========================================================================
Received Import Request.
  Time since last request: 3.337877 seconds.
  path: Assets/assets/sfx.json
  artifactKey: Guid(b2f63dfee476abc4e96c2b3a53479e7e) Importer(815301076,1909f56bfc062723c751e8b465ee728b)
Start importing Assets/assets/sfx.json using Guid(b2f63dfee476abc4e96c2b3a53479e7e) Importer(815301076,1909f56bfc062723c751e8b465ee728b)  -> (artifact id: '0a428a0ef1cb2f2fd204d0e02b3221fb') in 0.002481 seconds 
========================================================================
Received Import Request.
  Time since last request: 10.129631 seconds.
  path: Assets/assets/rect.png
  artifactKey: Guid(05dd1cf4f8b351445a69e5d1d5e90997) Importer(815301076,1909f56bfc062723c751e8b465ee728b)
Start importing Assets/assets/rect.png using Guid(05dd1cf4f8b351445a69e5d1d5e90997) Importer(815301076,1909f56bfc062723c751e8b465ee728b)  -> (artifact id: 'e07df383a50e02e8a07a739bb6076a7f') in 0.010401 seconds 
========================================================================
Received Import Request.
  Time since last request: 10.666886 seconds.
  path: Assets/assets/textures
  artifactKey: Guid(d4acf9a755f95f94fb042be46f83040a) Importer(815301076,1909f56bfc062723c751e8b465ee728b)
Start importing Assets/assets/textures using Guid(d4acf9a755f95f94fb042be46f83040a) Importer(815301076,1909f56bfc062723c751e8b465ee728b)  -> (artifact id: '2ea1f2275bddffbb8a7faf29b7d837ad') in 0.003194 seconds 
========================================================================
Received Import Request.
  Time since last request: 52.132647 seconds.
  path: Assets/assets/textures/confetties
  artifactKey: Guid(58ec604a05ac37543addebde5cfd5711) Importer(815301076,1909f56bfc062723c751e8b465ee728b)
Start importing Assets/assets/textures/confetties using Guid(58ec604a05ac37543addebde5cfd5711) Importer(815301076,1909f56bfc062723c751e8b465ee728b)  -> (artifact id: 'c949e4f863aa0559dcc012145a0e3ab9') in 0.004422 seconds 
========================================================================
Received Import Request.
  Time since last request: 32.909421 seconds.
  path: Assets/assets/textures/confetties/1.png
  artifactKey: Guid(4079af7d497ab3647ac4789ed549cf18) Importer(815301076,1909f56bfc062723c751e8b465ee728b)
Start importing Assets/assets/textures/confetties/1.png using Guid(4079af7d497ab3647ac4789ed549cf18) Importer(815301076,1909f56bfc062723c751e8b465ee728b)  -> (artifact id: 'b7d0eea381d0eecab5163284f27cca78') in 0.016863 seconds 
========================================================================
Received Import Request.
  Time since last request: 4.160026 seconds.
  path: Assets/assets/textures/confetties/0.png
  artifactKey: Guid(8daf44096fd0431409d151da954e6fab) Importer(815301076,1909f56bfc062723c751e8b465ee728b)
Start importing Assets/assets/textures/confetties/0.png using Guid(8daf44096fd0431409d151da954e6fab) Importer(815301076,1909f56bfc062723c751e8b465ee728b)  -> (artifact id: '1661d5060afbfd11c2c1856d98fc0a8d') in 0.014895 seconds 
========================================================================
Received Import Request.
  Time since last request: 1.620095 seconds.
  path: Assets/assets/textures/confetties/3.png
  artifactKey: Guid(4fbde7a165bb00e46836bf82bfa181f5) Importer(815301076,1909f56bfc062723c751e8b465ee728b)
Start importing Assets/assets/textures/confetties/3.png using Guid(4fbde7a165bb00e46836bf82bfa181f5) Importer(815301076,1909f56bfc062723c751e8b465ee728b)  -> (artifact id: 'daaaeaed9b195c6213dc2207ff6f88fa') in 0.013617 seconds 
========================================================================
Received Import Request.
  Time since last request: 18.723027 seconds.
  path: Assets/assets/textures/particles.png
  artifactKey: Guid(0d8e7db1dcf4e4740acc87d95b24f2ba) Importer(815301076,1909f56bfc062723c751e8b465ee728b)
Start importing Assets/assets/textures/particles.png using Guid(0d8e7db1dcf4e4740acc87d95b24f2ba) Importer(815301076,1909f56bfc062723c751e8b465ee728b)  -> (artifact id: 'c734c849426f93e35ed959238acfa262') in 0.017205 seconds 
========================================================================
Received Import Request.
  Time since last request: 115.136217 seconds.
  path: Assets/assets/textures/confetties/Confetti.mat
  artifactKey: Guid(2eb8584318e910249865e22e2018349b) Importer(815301076,1909f56bfc062723c751e8b465ee728b)
Start importing Assets/assets/textures/confetties/Confetti.mat using Guid(2eb8584318e910249865e22e2018349b) Importer(815301076,1909f56bfc062723c751e8b465ee728b)  -> (artifact id: 'd832cede7e5bd2b45134cf0de13a108b') in 0.038174 seconds 
========================================================================
Received Import Request.
  Time since last request: 473.277681 seconds.
  path: Assets/assets/textures/circle.png
  artifactKey: Guid(d61a940c313274a48adce7eb9f991b49) Importer(815301076,1909f56bfc062723c751e8b465ee728b)
Start importing Assets/assets/textures/circle.png using Guid(d61a940c313274a48adce7eb9f991b49) Importer(815301076,1909f56bfc062723c751e8b465ee728b)  -> (artifact id: '17c9078544e19b93243dc1fad3f1d57c') in 0.027548 seconds 
========================================================================
Received Import Request.
  Time since last request: 1.441508 seconds.
  path: Assets/assets/textures/skull.png
  artifactKey: Guid(4ecb520a670bd624893f26705db8edb1) Importer(815301076,1909f56bfc062723c751e8b465ee728b)
Start importing Assets/assets/textures/skull.png using Guid(4ecb520a670bd624893f26705db8edb1) Importer(815301076,1909f56bfc062723c751e8b465ee728b)  -> (artifact id: '4f1f49992399837fb8f6876cf111541a') in 0.015213 seconds 
========================================================================
Received Import Request.
  Time since last request: 11.070608 seconds.
  path: Assets/assets/textures/item_bg_shine.png
  artifactKey: Guid(e217723a8e5174543a564c0a827a86f7) Importer(815301076,1909f56bfc062723c751e8b465ee728b)
Start importing Assets/assets/textures/item_bg_shine.png using Guid(e217723a8e5174543a564c0a827a86f7) Importer(815301076,1909f56bfc062723c751e8b465ee728b)  -> (artifact id: 'bdac8fb7d2d0c1df781275559326d657') in 0.016257 seconds 
========================================================================
Received Import Request.
  Time since last request: 124.029006 seconds.
  path: Assets/phaser_assets/atlas/green_circle.png
  artifactKey: Guid(842e4b56c2c470443b44d83399b92e6f) Importer(815301076,1909f56bfc062723c751e8b465ee728b)
Start importing Assets/phaser_assets/atlas/green_circle.png using Guid(842e4b56c2c470443b44d83399b92e6f) Importer(815301076,1909f56bfc062723c751e8b465ee728b)  -> (artifact id: 'dff2ead74fff1975efd82c110ade5571') in 0.031060 seconds 
========================================================================
Received Import Request.
  Time since last request: 600.345600 seconds.
  path: Assets/phaser_assets/confetiLike.mat
  artifactKey: Guid(91fb8ec94d4b00b449b6bbf77061ec95) Importer(815301076,1909f56bfc062723c751e8b465ee728b)
Start importing Assets/phaser_assets/confetiLike.mat using Guid(91fb8ec94d4b00b449b6bbf77061ec95) Importer(815301076,1909f56bfc062723c751e8b465ee728b)  -> (artifact id: '376776dac8730b3a75b423ee8a44da6b') in 0.024551 seconds 
========================================================================
Received Import Request.
  Time since last request: 27.962282 seconds.
  path: Assets/assets/models/chars/man
  artifactKey: Guid(4f154c6c4e001064989e85db310f1450) Importer(815301076,1909f56bfc062723c751e8b465ee728b)
Start importing Assets/assets/models/chars/man using Guid(4f154c6c4e001064989e85db310f1450) Importer(815301076,1909f56bfc062723c751e8b465ee728b)  -> (artifact id: '641344a135ff2d1b425d38e7c69ff2d5') in 0.004692 seconds 
========================================================================
Received Import Request.
  Time since last request: 3.625500 seconds.
  path: Assets/assets/models/chars/baby
  artifactKey: Guid(f994396eeef8284468cc9fce79deeaeb) Importer(815301076,1909f56bfc062723c751e8b465ee728b)
Start importing Assets/assets/models/chars/baby using Guid(f994396eeef8284468cc9fce79deeaeb) Importer(815301076,1909f56bfc062723c751e8b465ee728b)  -> (artifact id: '337239200a067b1f39adb48d2d134849') in 0.002168 seconds 
========================================================================
Received Import Request.
  Time since last request: 7.586132 seconds.
  path: Assets/assets/models/chars/baby/FBX/New Animator Controller.controller
  artifactKey: Guid(24cbaa4f650f89244b5ac2ffe085a760) Importer(815301076,1909f56bfc062723c751e8b465ee728b)
Start importing Assets/assets/models/chars/baby/FBX/New Animator Controller.controller using Guid(24cbaa4f650f89244b5ac2ffe085a760) Importer(815301076,1909f56bfc062723c751e8b465ee728b)  -> (artifact id: 'd75d7d926d9614bce98f5d0951e464a6') in 0.015289 seconds 
========================================================================
Received Import Request.
  Time since last request: 43.190667 seconds.
  path: Assets/assets/models/chars/woman/kid/FBX
  artifactKey: Guid(ab249a33ec64e8049aecf1543308b46f) Importer(815301076,1909f56bfc062723c751e8b465ee728b)
Start importing Assets/assets/models/chars/woman/kid/FBX using Guid(ab249a33ec64e8049aecf1543308b46f) Importer(815301076,1909f56bfc062723c751e8b465ee728b)  -> (artifact id: '644bdd02737513458b92aa184c69c96c') in 0.003347 seconds 
========================================================================
Received Import Request.
  Time since last request: 5.116285 seconds.
  path: Assets/assets/models/chars/woman/kid/FBX/New Animator Controller.controller
  artifactKey: Guid(a6240e15f7e80bd4fbef8436efcfd706) Importer(815301076,1909f56bfc062723c751e8b465ee728b)
Start importing Assets/assets/models/chars/woman/kid/FBX/New Animator Controller.controller using Guid(a6240e15f7e80bd4fbef8436efcfd706) Importer(815301076,1909f56bfc062723c751e8b465ee728b)  -> (artifact id: 'a9c16cbea44753092da5a3fed8e159b1') in 0.005241 seconds 
========================================================================
Received Import Request.
  Time since last request: 0.842238 seconds.
  path: Assets/assets/models/chars/woman/kid/FBX/New Animator Controller.controller
  artifactKey: Guid(a6240e15f7e80bd4fbef8436efcfd706) Importer(815301076,1909f56bfc062723c751e8b465ee728b)
Start importing Assets/assets/models/chars/woman/kid/FBX/New Animator Controller.controller using Guid(a6240e15f7e80bd4fbef8436efcfd706) Importer(815301076,1909f56bfc062723c751e8b465ee728b)  -> (artifact id: '315d6a58b6e423a6818e6fd17a679339') in 0.006989 seconds 
========================================================================
Received Import Request.
  Time since last request: 29.870877 seconds.
  path: Assets/assets/models/chars/woman/other/FBX/New Animator Controller.controller
  artifactKey: Guid(27d520072ada8e84bb84f2b19d818a89) Importer(815301076,1909f56bfc062723c751e8b465ee728b)
Start importing Assets/assets/models/chars/woman/other/FBX/New Animator Controller.controller using Guid(27d520072ada8e84bb84f2b19d818a89) Importer(815301076,1909f56bfc062723c751e8b465ee728b)  -> (artifact id: '2375bbab27ad24db0dd8b7e8fe31b560') in 0.002594 seconds 
========================================================================
Received Import Request.
  Time since last request: 80.193738 seconds.
  path: Assets/assets/models/chars/woman/kid/FBX/New Animator Controller.controller
  artifactKey: Guid(a6240e15f7e80bd4fbef8436efcfd706) Importer(815301076,1909f56bfc062723c751e8b465ee728b)
Start importing Assets/assets/models/chars/woman/kid/FBX/New Animator Controller.controller using Guid(a6240e15f7e80bd4fbef8436efcfd706) Importer(815301076,1909f56bfc062723c751e8b465ee728b)  -> (artifact id: 'b228ae1b3f906f314d916b26ef7faf7f') in 0.015177 seconds 
========================================================================
Received Prepare
Registering precompiled user dll's ...
Registered in 0.005487 seconds.
Begin MonoManager ReloadAssembly
Native extension for WindowsStandalone target not found
Native extension for WebGL target not found
Refreshing native plugins compatible for Editor in 2.35 ms, found 1 plugins.
Preloading 0 native plugins for Editor in 0.00 ms.
Mono: successfully reloaded assembly
- Completed reload, in  2.164 seconds
Platform modules already initialized, skipping
Refreshing native plugins compatible for Editor in 1.65 ms, found 1 plugins.
Preloading 0 native plugins for Editor in 0.00 ms.
Unloading 2710 Unused Serialized files (Serialized files now loaded: 0)
System memory in use before: 133.1 MB.
System memory in use after: 133.3 MB.

Unloading 10 unused Assets to reduce memory usage. Loaded Objects now: 3546.
Total: 7.451800 ms (FindLiveObjects: 0.764300 ms CreateObjectMapping: 0.306300 ms MarkObjects: 5.856500 ms  DeleteObjects: 0.519100 ms)

========================================================================
Received Prepare
Registering precompiled user dll's ...
Registered in 0.004768 seconds.
Begin MonoManager ReloadAssembly
Native extension for WindowsStandalone target not found
Native extension for WebGL target not found
Refreshing native plugins compatible for Editor in 1.03 ms, found 1 plugins.
Preloading 0 native plugins for Editor in 0.00 ms.
Mono: successfully reloaded assembly
- Completed reload, in  2.209 seconds
Platform modules already initialized, skipping
Refreshing native plugins compatible for Editor in 1.77 ms, found 1 plugins.
Preloading 0 native plugins for Editor in 0.00 ms.
Unloading 2695 Unused Serialized files (Serialized files now loaded: 0)
System memory in use before: 132.6 MB.
System memory in use after: 132.8 MB.

Unloading 10 unused Assets to reduce memory usage. Loaded Objects now: 3549.
Total: 13.568800 ms (FindLiveObjects: 0.899900 ms CreateObjectMapping: 0.372800 ms MarkObjects: 11.911400 ms  DeleteObjects: 0.377300 ms)

========================================================================
Received Prepare
Registering precompiled user dll's ...
Registered in 0.006390 seconds.
Begin MonoManager ReloadAssembly
Native extension for WindowsStandalone target not found
Native extension for WebGL target not found
Refreshing native plugins compatible for Editor in 1.41 ms, found 1 plugins.
Preloading 0 native plugins for Editor in 0.00 ms.
Mono: successfully reloaded assembly
- Completed reload, in  1.926 seconds
Platform modules already initialized, skipping
Refreshing native plugins compatible for Editor in 1.03 ms, found 1 plugins.
Preloading 0 native plugins for Editor in 0.00 ms.
Unloading 2695 Unused Serialized files (Serialized files now loaded: 0)
System memory in use before: 132.6 MB.
System memory in use after: 132.8 MB.

Unloading 10 unused Assets to reduce memory usage. Loaded Objects now: 3552.
Total: 11.591100 ms (FindLiveObjects: 0.783500 ms CreateObjectMapping: 0.320500 ms MarkObjects: 10.401100 ms  DeleteObjects: 0.080400 ms)

========================================================================
Received Prepare
Registering precompiled user dll's ...
Registered in 0.005953 seconds.
Begin MonoManager ReloadAssembly
Native extension for WindowsStandalone target not found
Native extension for WebGL target not found
Refreshing native plugins compatible for Editor in 1.49 ms, found 1 plugins.
Preloading 0 native plugins for Editor in 0.00 ms.
Mono: successfully reloaded assembly
- Completed reload, in  2.645 seconds
Platform modules already initialized, skipping
Refreshing native plugins compatible for Editor in 2.15 ms, found 1 plugins.
Preloading 0 native plugins for Editor in 0.00 ms.
Unloading 2696 Unused Serialized files (Serialized files now loaded: 0)
System memory in use before: 132.7 MB.
System memory in use after: 132.9 MB.

Unloading 10 unused Assets to reduce memory usage. Loaded Objects now: 3556.
Total: 7.022900 ms (FindLiveObjects: 1.834300 ms CreateObjectMapping: 1.630800 ms MarkObjects: 3.465900 ms  DeleteObjects: 0.071600 ms)

========================================================================
Received Prepare
Registering precompiled user dll's ...
Registered in 0.004731 seconds.
Begin MonoManager ReloadAssembly
Native extension for WindowsStandalone target not found
Native extension for WebGL target not found
Refreshing native plugins compatible for Editor in 1.42 ms, found 1 plugins.
Preloading 0 native plugins for Editor in 0.00 ms.
Mono: successfully reloaded assembly
- Completed reload, in  1.970 seconds
Platform modules already initialized, skipping
Refreshing native plugins compatible for Editor in 2.58 ms, found 1 plugins.
Preloading 0 native plugins for Editor in 0.00 ms.
Unloading 2696 Unused Serialized files (Serialized files now loaded: 0)
System memory in use before: 133.4 MB.
System memory in use after: 133.6 MB.

Unloading 10 unused Assets to reduce memory usage. Loaded Objects now: 3559.
Total: 7.134300 ms (FindLiveObjects: 1.725700 ms CreateObjectMapping: 0.466100 ms MarkObjects: 4.854100 ms  DeleteObjects: 0.081800 ms)

========================================================================
Received Prepare
Registering precompiled user dll's ...
Registered in 0.002785 seconds.
Begin MonoManager ReloadAssembly
Native extension for WindowsStandalone target not found
Native extension for WebGL target not found
Refreshing native plugins compatible for Editor in 0.45 ms, found 1 plugins.
Preloading 0 native plugins for Editor in 0.00 ms.
Mono: successfully reloaded assembly
- Completed reload, in  0.845 seconds
Platform modules already initialized, skipping
Refreshing native plugins compatible for Editor in 0.51 ms, found 1 plugins.
Preloading 0 native plugins for Editor in 0.00 ms.
Unloading 2696 Unused Serialized files (Serialized files now loaded: 0)
System memory in use before: 133.4 MB.
System memory in use after: 133.6 MB.

Unloading 10 unused Assets to reduce memory usage. Loaded Objects now: 3562.
Total: 2.439900 ms (FindLiveObjects: 0.384000 ms CreateObjectMapping: 0.185900 ms MarkObjects: 1.808100 ms  DeleteObjects: 0.060700 ms)

========================================================================
Received Prepare
Registering precompiled user dll's ...
Registered in 0.003560 seconds.
Begin MonoManager ReloadAssembly
Native extension for WindowsStandalone target not found
Native extension for WebGL target not found
Refreshing native plugins compatible for Editor in 0.50 ms, found 1 plugins.
Preloading 0 native plugins for Editor in 0.00 ms.
Mono: successfully reloaded assembly
- Completed reload, in  0.881 seconds
Platform modules already initialized, skipping
Refreshing native plugins compatible for Editor in 0.82 ms, found 1 plugins.
Preloading 0 native plugins for Editor in 0.00 ms.
Unloading 2696 Unused Serialized files (Serialized files now loaded: 0)
System memory in use before: 133.4 MB.
System memory in use after: 133.6 MB.

Unloading 10 unused Assets to reduce memory usage. Loaded Objects now: 3565.
Total: 2.578200 ms (FindLiveObjects: 0.491500 ms CreateObjectMapping: 0.323200 ms MarkObjects: 1.721900 ms  DeleteObjects: 0.040700 ms)

========================================================================
Received Prepare
Registering precompiled user dll's ...
Registered in 0.002010 seconds.
Begin MonoManager ReloadAssembly
Native extension for WindowsStandalone target not found
Native extension for WebGL target not found
Refreshing native plugins compatible for Editor in 0.44 ms, found 1 plugins.
Preloading 0 native plugins for Editor in 0.00 ms.
Mono: successfully reloaded assembly
- Completed reload, in  0.804 seconds
Platform modules already initialized, skipping
Refreshing native plugins compatible for Editor in 0.53 ms, found 1 plugins.
Preloading 0 native plugins for Editor in 0.00 ms.
Unloading 2696 Unused Serialized files (Serialized files now loaded: 0)
System memory in use before: 133.5 MB.
System memory in use after: 133.7 MB.

Unloading 10 unused Assets to reduce memory usage. Loaded Objects now: 3568.
Total: 2.899700 ms (FindLiveObjects: 0.513900 ms CreateObjectMapping: 0.240700 ms MarkObjects: 2.073300 ms  DeleteObjects: 0.070700 ms)

========================================================================
Received Prepare
Registering precompiled user dll's ...
Registered in 0.002064 seconds.
Begin MonoManager ReloadAssembly
Native extension for WindowsStandalone target not found
Native extension for WebGL target not found
Refreshing native plugins compatible for Editor in 0.49 ms, found 1 plugins.
Preloading 0 native plugins for Editor in 0.00 ms.
Mono: successfully reloaded assembly
- Completed reload, in  0.803 seconds
Platform modules already initialized, skipping
Refreshing native plugins compatible for Editor in 0.51 ms, found 1 plugins.
Preloading 0 native plugins for Editor in 0.00 ms.
Unloading 2696 Unused Serialized files (Serialized files now loaded: 0)
System memory in use before: 133.5 MB.
System memory in use after: 133.7 MB.

Unloading 10 unused Assets to reduce memory usage. Loaded Objects now: 3571.
Total: 2.460100 ms (FindLiveObjects: 0.559800 ms CreateObjectMapping: 0.242400 ms MarkObjects: 1.615400 ms  DeleteObjects: 0.041500 ms)

========================================================================
Received Prepare
Registering precompiled user dll's ...
Registered in 0.002298 seconds.
Begin MonoManager ReloadAssembly
Native extension for WindowsStandalone target not found
Native extension for WebGL target not found
Refreshing native plugins compatible for Editor in 0.49 ms, found 1 plugins.
Preloading 0 native plugins for Editor in 0.00 ms.
Mono: successfully reloaded assembly
- Completed reload, in  0.833 seconds
Platform modules already initialized, skipping
Refreshing native plugins compatible for Editor in 0.49 ms, found 1 plugins.
Preloading 0 native plugins for Editor in 0.00 ms.
Unloading 2696 Unused Serialized files (Serialized files now loaded: 0)
System memory in use before: 133.5 MB.
System memory in use after: 133.7 MB.

Unloading 10 unused Assets to reduce memory usage. Loaded Objects now: 3574.
Total: 2.690900 ms (FindLiveObjects: 0.491200 ms CreateObjectMapping: 0.256600 ms MarkObjects: 1.888500 ms  DeleteObjects: 0.053300 ms)

========================================================================
Received Prepare
Registering precompiled user dll's ...
Registered in 0.002038 seconds.
Begin MonoManager ReloadAssembly
Native extension for WindowsStandalone target not found
Native extension for WebGL target not found
Refreshing native plugins compatible for Editor in 0.64 ms, found 1 plugins.
Preloading 0 native plugins for Editor in 0.00 ms.
Mono: successfully reloaded assembly
- Completed reload, in  0.889 seconds
Platform modules already initialized, skipping
Refreshing native plugins compatible for Editor in 0.52 ms, found 1 plugins.
Preloading 0 native plugins for Editor in 0.00 ms.
Unloading 2696 Unused Serialized files (Serialized files now loaded: 0)
System memory in use before: 133.5 MB.
System memory in use after: 133.7 MB.

Unloading 10 unused Assets to reduce memory usage. Loaded Objects now: 3577.
Total: 2.785700 ms (FindLiveObjects: 0.444900 ms CreateObjectMapping: 0.247700 ms MarkObjects: 2.034600 ms  DeleteObjects: 0.057900 ms)

========================================================================
Received Prepare
Registering precompiled user dll's ...
Registered in 0.001982 seconds.
Begin MonoManager ReloadAssembly
Native extension for WindowsStandalone target not found
Native extension for WebGL target not found
Refreshing native plugins compatible for Editor in 0.48 ms, found 1 plugins.
Preloading 0 native plugins for Editor in 0.00 ms.
Mono: successfully reloaded assembly
- Completed reload, in  0.897 seconds
Platform modules already initialized, skipping
Refreshing native plugins compatible for Editor in 0.47 ms, found 1 plugins.
Preloading 0 native plugins for Editor in 0.00 ms.
Unloading 2696 Unused Serialized files (Serialized files now loaded: 0)
System memory in use before: 133.5 MB.
System memory in use after: 133.7 MB.

Unloading 10 unused Assets to reduce memory usage. Loaded Objects now: 3580.
Total: 2.476700 ms (FindLiveObjects: 0.377900 ms CreateObjectMapping: 0.218500 ms MarkObjects: 1.841600 ms  DeleteObjects: 0.037900 ms)

========================================================================
Received Prepare
Registering precompiled user dll's ...
Registered in 0.003315 seconds.
Begin MonoManager ReloadAssembly
Native extension for WindowsStandalone target not found
Native extension for WebGL target not found
Refreshing native plugins compatible for Editor in 0.92 ms, found 1 plugins.
Preloading 0 native plugins for Editor in 0.00 ms.
Mono: successfully reloaded assembly
- Completed reload, in  1.500 seconds
Platform modules already initialized, skipping
Refreshing native plugins compatible for Editor in 0.90 ms, found 1 plugins.
Preloading 0 native plugins for Editor in 0.00 ms.
Unloading 2696 Unused Serialized files (Serialized files now loaded: 0)
System memory in use before: 133.5 MB.
System memory in use after: 133.7 MB.

Unloading 10 unused Assets to reduce memory usage. Loaded Objects now: 3583.
Total: 4.005600 ms (FindLiveObjects: 0.647000 ms CreateObjectMapping: 0.435800 ms MarkObjects: 2.864700 ms  DeleteObjects: 0.056600 ms)

========================================================================
Received Prepare
Registering precompiled user dll's ...
Registered in 0.002074 seconds.
Begin MonoManager ReloadAssembly
Native extension for WindowsStandalone target not found
Native extension for WebGL target not found
Refreshing native plugins compatible for Editor in 0.45 ms, found 1 plugins.
Preloading 0 native plugins for Editor in 0.00 ms.
Mono: successfully reloaded assembly
- Completed reload, in  0.775 seconds
Platform modules already initialized, skipping
Refreshing native plugins compatible for Editor in 0.47 ms, found 1 plugins.
Preloading 0 native plugins for Editor in 0.00 ms.
Unloading 2696 Unused Serialized files (Serialized files now loaded: 0)
System memory in use before: 133.5 MB.
System memory in use after: 133.7 MB.

Unloading 10 unused Assets to reduce memory usage. Loaded Objects now: 3586.
Total: 3.158000 ms (FindLiveObjects: 0.267400 ms CreateObjectMapping: 0.131100 ms MarkObjects: 2.718100 ms  DeleteObjects: 0.040500 ms)

========================================================================
Received Prepare
Refreshing native plugins compatible for Editor in 1.98 ms, found 1 plugins.
Preloading 0 native plugins for Editor in 0.00 ms.
Unloading 8 Unused Serialized files (Serialized files now loaded: 0)
System memory in use before: 80.2 MB.
System memory in use after: 80.4 MB.

Unloading 8 unused Assets to reduce memory usage. Loaded Objects now: 3586.
Total: 4.538100 ms (FindLiveObjects: 0.721200 ms CreateObjectMapping: 0.444000 ms MarkObjects: 3.316100 ms  DeleteObjects: 0.055100 ms)

========================================================================
Received Prepare
Refreshing native plugins compatible for Editor in 1.60 ms, found 1 plugins.
Preloading 0 native plugins for Editor in 0.00 ms.
Unloading 8 Unused Serialized files (Serialized files now loaded: 0)
System memory in use before: 80.2 MB.
System memory in use after: 80.4 MB.

Unloading 8 unused Assets to reduce memory usage. Loaded Objects now: 3586.
Total: 3.343400 ms (FindLiveObjects: 0.510900 ms CreateObjectMapping: 0.415700 ms MarkObjects: 2.370300 ms  DeleteObjects: 0.045500 ms)

========================================================================
Received Import Request.
  Time since last request: 873.707856 seconds.
  path: Assets/assets/models
  artifactKey: Guid(50e4e896381ac5249b114c3ad3bfa9ed) Importer(815301076,1909f56bfc062723c751e8b465ee728b)
Start importing Assets/assets/models using Guid(50e4e896381ac5249b114c3ad3bfa9ed) Importer(815301076,1909f56bfc062723c751e8b465ee728b)  -> (artifact id: '3cab793d76004efc7be7285ef5b75ef0') in 0.002611 seconds 
